time="2023-12-19T15:46:09+03:00" level=info msg="Uygulama başladı"
time="2023-12-19T15:46:09+03:00" level=warning msg="Bu bir uyarı mesajıdır"
time="2023-12-19T15:46:09+03:00" level=error msg="Bu bir hata mesajıdır"
time="2023-12-19T15:48:17+03:00" level=info msg="Uygulama başladı"
time="2023-12-19T15:48:17+03:00" level=warning msg="Bu bir uyarı mesajıdır"
time="2023-12-19T15:48:17+03:00" level=error msg="Bu bir hata mesajıdır"
time="2023-12-19T15:57:09+03:00" level=info msg="Uygulama başladı"
time="2023-12-19T15:57:09+03:00" level=warning msg="Bu bir uyarı mesajıdır"
time="2023-12-19T15:57:09+03:00" level=error msg="Bu bir hata mesajıdır"
time="2023-12-19T15:58:11+03:00" level=info msg="Uygulama başladı"
time="2023-12-19T15:58:12+03:00" level=warning msg="Bu bir uyarı mesajıdır"
time="2023-12-19T15:58:12+03:00" level=error msg="Bu bir hata mesajıdır"
time="2023-12-19T16:00:07+03:00" level=info msg="Uygulama başladı"
time="2023-12-19T16:00:07+03:00" level=warning msg="Bu bir uyarı mesajıdır"
time="2023-12-19T16:00:07+03:00" level=error msg="Bu bir hata mesajıdır"
time="2023-12-19T16:01:59+03:00" level=info msg="Uygulama başladı"
time="2023-12-19T16:01:59+03:00" level=warning msg="Bu bir uyarı mesajıdır"
time="2023-12-19T16:01:59+03:00" level=error msg="Bu bir hata mesajıdır"
time="2023-12-19T16:05:01+03:00" level=info msg="Uygulama başladı"
time="2023-12-19T16:05:01+03:00" level=warning msg="Bu bir uyarı mesajıdır"
time="2023-12-19T16:05:01+03:00" level=error msg="Bu bir hata mesajıdır"
time="2023-12-19T16:05:38+03:00" level=info msg="TaskCreate endpoint"
time="2023-12-19T16:05:38+03:00" level=info msg="Task created. Task ID: 0"
time="2023-12-19T16:26:28+03:00" level=info msg="Uygulama başladı"
time="2023-12-19T16:26:28+03:00" level=warning msg="Bu bir uyarı mesajıdır"
time="2023-12-19T16:26:28+03:00" level=error msg="Bu bir hata mesajıdır"
time="2023-12-19T16:27:24+03:00" level=info msg="Uygulama başladı"
time="2023-12-19T16:27:24+03:00" level=warning msg="Bu bir uyarı mesajıdır"
time="2023-12-19T16:27:24+03:00" level=error msg="Bu bir hata mesajıdır"
time="2023-12-19T16:31:47+03:00" level=info msg="Uygulama başladı"
time="2023-12-19T16:31:47+03:00" level=warning msg="Bu bir uyarı mesajıdır"
time="2023-12-19T16:31:47+03:00" level=error msg="Bu bir hata mesajıdır"
time="2023-12-19T16:32:08+03:00" level=info msg="Uygulama başladı"
time="2023-12-19T16:32:09+03:00" level=warning msg="Bu bir uyarı mesajıdır"
time="2023-12-19T16:32:09+03:00" level=error msg="Bu bir hata mesajıdır"
time="2023-12-19T16:33:03+03:00" level=info msg="Uygulama başladı"
time="2023-12-19T16:33:03+03:00" level=warning msg="Bu bir uyarı mesajıdır"
time="2023-12-19T16:33:03+03:00" level=error msg="Bu bir hata mesajıdır"
time="2023-12-19T16:35:13+03:00" level=info msg="Uygulama başladı"
time="2023-12-19T16:35:13+03:00" level=warning msg="Bu bir uyarı mesajıdır"
time="2023-12-19T16:35:13+03:00" level=error msg="Bu bir hata mesajıdır"
time="2023-12-19T16:38:06+03:00" level=info msg="Uygulama başladı"
time="2023-12-19T16:38:06+03:00" level=warning msg="Bu bir uyarı mesajıdır"
time="2023-12-19T16:38:06+03:00" level=error msg="Bu bir hata mesajıdır"
time="2023-12-19T16:39:05+03:00" level=info msg="Uygulama başladı"
time="2023-12-19T16:39:05+03:00" level=warning msg="Bu bir uyarı mesajıdır"
time="2023-12-19T16:39:05+03:00" level=error msg="Bu bir hata mesajıdır"
time="2023-12-19T16:43:27+03:00" level=info msg="Uygulama başladı"
time="2023-12-19T16:43:27+03:00" level=warning msg="Bu bir uyarı mesajıdır"
time="2023-12-19T16:43:27+03:00" level=error msg="Bu bir hata mesajıdır"
time="2023-12-19T16:53:02+03:00" level=info msg="Uygulama başladı"
time="2023-12-19T16:53:02+03:00" level=warning msg="Bu bir uyarı mesajıdır"
time="2023-12-19T16:53:02+03:00" level=error msg="Bu bir hata mesajıdır"
time="2023-12-19T16:54:00+03:00" level=info msg="Uygulama başladı"
time="2023-12-19T16:54:00+03:00" level=warning msg="Bu bir uyarı mesajıdır"
time="2023-12-19T16:54:00+03:00" level=error msg="Bu bir hata mesajıdır"
time="2023-12-19T16:54:12+03:00" level=info msg="Uygulama başladı"
time="2023-12-19T16:54:12+03:00" level=warning msg="Bu bir uyarı mesajıdır"
time="2023-12-19T16:54:12+03:00" level=error msg="Bu bir hata mesajıdır"
time="2023-12-19T16:54:43+03:00" level=info msg="Uygulama başladı"
time="2023-12-19T16:54:43+03:00" level=warning msg="Bu bir uyarı mesajıdır"
time="2023-12-19T16:54:43+03:00" level=error msg="Bu bir hata mesajıdır"
time="2023-12-19T16:55:56+03:00" level=info msg="Uygulama başladı"
time="2023-12-19T16:55:56+03:00" level=warning msg="Bu bir uyarı mesajıdır"
time="2023-12-19T16:55:56+03:00" level=error msg="Bu bir hata mesajıdır"
time="2023-12-19T17:00:10+03:00" level=info msg="Uygulama başladı"
time="2023-12-19T17:00:10+03:00" level=warning msg="Bu bir uyarı mesajıdır"
time="2023-12-19T17:00:10+03:00" level=error msg="Bu bir hata mesajıdır"
time="2023-12-19T17:01:14+03:00" level=info msg="Uygulama başladı"
time="2023-12-19T17:01:14+03:00" level=warning msg="Bu bir uyarı mesajıdır"
time="2023-12-19T17:01:14+03:00" level=error msg="Bu bir hata mesajıdır"
time="2023-12-19T17:02:17+03:00" level=info msg="Uygulama başladı"
time="2023-12-19T17:02:17+03:00" level=warning msg="Bu bir uyarı mesajıdır"
time="2023-12-19T17:02:17+03:00" level=error msg="Bu bir hata mesajıdır"
time="2023-12-19T17:02:32+03:00" level=info msg="Uygulama başladı"
time="2023-12-19T17:02:32+03:00" level=warning msg="Bu bir uyarı mesajıdır"
time="2023-12-19T17:02:32+03:00" level=error msg="Bu bir hata mesajıdır"
time="2023-12-19T17:21:15+03:00" level=info msg="Uygulama başladı"
time="2023-12-19T17:21:15+03:00" level=warning msg="Bu bir uyarı mesajıdır"
time="2023-12-19T17:21:15+03:00" level=error msg="Bu bir hata mesajıdır"
time="2023-12-19T17:22:53+03:00" level=info msg="Uygulama başladı"
time="2023-12-19T17:22:53+03:00" level=warning msg="Bu bir uyarı mesajıdır"
time="2023-12-19T17:22:53+03:00" level=error msg="Bu bir hata mesajıdır"
time="2023-12-19T17:26:11+03:00" level=info msg="Uygulama başladı"
time="2023-12-19T17:26:11+03:00" level=warning msg="Bu bir uyarı mesajıdır"
time="2023-12-19T17:26:11+03:00" level=error msg="Bu bir hata mesajıdır"
time="2023-12-19T17:26:50+03:00" level=info msg="Uygulama başladı"
time="2023-12-19T17:26:50+03:00" level=warning msg="Bu bir uyarı mesajıdır"
time="2023-12-19T17:26:50+03:00" level=error msg="Bu bir hata mesajıdır"
time="2023-12-19T17:28:43+03:00" level=info msg="Uygulama başladı"
time="2023-12-19T17:28:43+03:00" level=warning msg="Bu bir uyarı mesajıdır"
time="2023-12-19T17:28:43+03:00" level=error msg="Bu bir hata mesajıdır"
time="2023-12-19T17:29:17+03:00" level=info msg="Uygulama başladı"
time="2023-12-19T17:29:17+03:00" level=warning msg="Bu bir uyarı mesajıdır"
time="2023-12-19T17:29:17+03:00" level=error msg="Bu bir hata mesajıdır"
time="2023-12-19T17:35:16+03:00" level=info msg="Uygulama başladı"
time="2023-12-19T17:35:16+03:00" level=warning msg="Bu bir uyarı mesajıdır"
time="2023-12-19T17:35:16+03:00" level=error msg="Bu bir hata mesajıdır"
time="2023-12-19T17:35:34+03:00" level=info msg="GetAllTask endpoint"
time="2023-12-19T17:35:35+03:00" level=info msg="Tasks are listed successfully."
time="2023-12-19T17:35:57+03:00" level=info msg="Uygulama başladı"
time="2023-12-19T17:35:57+03:00" level=warning msg="Bu bir uyarı mesajıdır"
time="2023-12-19T17:35:57+03:00" level=error msg="Bu bir hata mesajıdır"
time="2023-12-19T17:36:32+03:00" level=info msg="Uygulama başladı"
time="2023-12-19T17:36:32+03:00" level=warning msg="Bu bir uyarı mesajıdır"
time="2023-12-19T17:36:32+03:00" level=error msg="Bu bir hata mesajıdır"
time="2023-12-19T17:36:51+03:00" level=info msg="GetAllTask endpoint"
time="2023-12-19T17:36:51+03:00" level=info msg="Tasks are listed successfully."
time="2023-12-19T17:37:19+03:00" level=info msg="Uygulama başladı"
time="2023-12-19T17:37:19+03:00" level=warning msg="Bu bir uyarı mesajıdır"
time="2023-12-19T17:37:19+03:00" level=error msg="Bu bir hata mesajıdır"
time="2023-12-19T17:41:07+03:00" level=info msg="Uygulama başladı"
time="2023-12-19T17:41:07+03:00" level=warning msg="Bu bir uyarı mesajıdır"
time="2023-12-19T17:41:07+03:00" level=error msg="Bu bir hata mesajıdır"
time="2023-12-19T17:45:36+03:00" level=info msg="Uygulama başladı"
time="2023-12-19T17:45:36+03:00" level=warning msg="Bu bir uyarı mesajıdır"
time="2023-12-19T17:45:36+03:00" level=error msg="Bu bir hata mesajıdır"
time="2023-12-19T17:45:49+03:00" level=info msg="Uygulama başladı"
time="2023-12-19T17:45:49+03:00" level=warning msg="Bu bir uyarı mesajıdır"
time="2023-12-19T17:45:49+03:00" level=error msg="Bu bir hata mesajıdır"
time="2023-12-19T17:46:23+03:00" level=info msg="Uygulama başladı"
time="2023-12-19T17:46:23+03:00" level=warning msg="Bu bir uyarı mesajıdır"
time="2023-12-19T17:46:23+03:00" level=error msg="Bu bir hata mesajıdır"
time="2023-12-19T17:48:11+03:00" level=info msg="Uygulama başladı"
time="2023-12-19T17:48:11+03:00" level=warning msg="Bu bir uyarı mesajıdır"
time="2023-12-19T17:48:11+03:00" level=error msg="Bu bir hata mesajıdır"
time="2023-12-19T17:51:42+03:00" level=info msg="TaskShowByID endpoint"
time="2023-12-19T17:51:42+03:00" level=error msg="Failed to process task show by id (task not found)" error="ERROR: column \"paged\" does not exist (SQLSTATE 42703)"
time="2023-12-19T17:52:01+03:00" level=info msg="Uygulama başladı"
time="2023-12-19T17:52:01+03:00" level=warning msg="Bu bir uyarı mesajıdır"
time="2023-12-19T17:52:01+03:00" level=error msg="Bu bir hata mesajıdır"
time="2023-12-19T17:53:27+03:00" level=info msg="Uygulama başladı"
time="2023-12-19T17:53:27+03:00" level=warning msg="Bu bir uyarı mesajıdır"
time="2023-12-19T17:53:27+03:00" level=error msg="Bu bir hata mesajıdır"
time="2023-12-19T17:56:50+03:00" level=info msg="Uygulama başladı"
time="2023-12-19T17:56:50+03:00" level=warning msg="Bu bir uyarı mesajıdır"
time="2023-12-19T17:56:50+03:00" level=error msg="Bu bir hata mesajıdır"
time="2023-12-19T17:58:14+03:00" level=info msg="Uygulama başladı"
time="2023-12-19T17:58:14+03:00" level=warning msg="Bu bir uyarı mesajıdır"
time="2023-12-19T17:58:14+03:00" level=error msg="Bu bir hata mesajıdır"
time="2023-12-19T18:19:03+03:00" level=info msg="Uygulama başladı"
time="2023-12-19T18:19:03+03:00" level=warning msg="Bu bir uyarı mesajıdır"
time="2023-12-19T18:19:03+03:00" level=error msg="Bu bir hata mesajıdır"
time="2023-12-19T18:21:07+03:00" level=info msg="Uygulama başladı"
time="2023-12-19T18:21:08+03:00" level=warning msg="Bu bir uyarı mesajıdır"
time="2023-12-19T18:21:08+03:00" level=error msg="Bu bir hata mesajıdır"
time="2023-12-19T18:27:10+03:00" level=info msg="Uygulama başladı"
time="2023-12-19T18:27:10+03:00" level=warning msg="Bu bir uyarı mesajıdır"
time="2023-12-19T18:27:10+03:00" level=error msg="Bu bir hata mesajıdır"
time="2023-12-19T18:27:37+03:00" level=info msg="Uygulama başladı"
time="2023-12-19T18:27:37+03:00" level=warning msg="Bu bir uyarı mesajıdır"
time="2023-12-19T18:27:37+03:00" level=error msg="Bu bir hata mesajıdır"
time="2023-12-19T18:32:16+03:00" level=info msg="Uygulama başladı"
time="2023-12-19T18:32:16+03:00" level=warning msg="Bu bir uyarı mesajıdır"
time="2023-12-19T18:32:16+03:00" level=error msg="Bu bir hata mesajıdır"
time="2023-12-19T18:33:11+03:00" level=info msg="Uygulama başladı"
time="2023-12-19T18:33:11+03:00" level=warning msg="Bu bir uyarı mesajıdır"
time="2023-12-19T18:33:11+03:00" level=error msg="Bu bir hata mesajıdır"
time="2023-12-19T18:40:51+03:00" level=info msg="Uygulama başladı"
time="2023-12-19T18:40:51+03:00" level=warning msg="Bu bir uyarı mesajıdır"
time="2023-12-19T18:40:51+03:00" level=error msg="Bu bir hata mesajıdır"
time="2023-12-19T18:41:50+03:00" level=info msg="Uygulama başladı"
time="2023-12-19T18:41:50+03:00" level=warning msg="Bu bir uyarı mesajıdır"
time="2023-12-19T18:41:50+03:00" level=error msg="Bu bir hata mesajıdır"
time="2023-12-19T18:42:48+03:00" level=info msg="Uygulama başladı"
time="2023-12-19T18:42:48+03:00" level=warning msg="Bu bir uyarı mesajıdır"
time="2023-12-19T18:42:48+03:00" level=error msg="Bu bir hata mesajıdır"
time="2023-12-19T18:48:29+03:00" level=info msg="Uygulama başladı"
time="2023-12-19T18:48:29+03:00" level=warning msg="Bu bir uyarı mesajıdır"
time="2023-12-19T18:48:29+03:00" level=error msg="Bu bir hata mesajıdır"
time="2023-12-19T18:48:43+03:00" level=info msg="Uygulama başladı"
time="2023-12-19T18:48:43+03:00" level=warning msg="Bu bir uyarı mesajıdır"
time="2023-12-19T18:48:43+03:00" level=error msg="Bu bir hata mesajıdır"
time="2023-12-19T18:56:56+03:00" level=info msg="Uygulama başladı"
time="2023-12-19T18:56:56+03:00" level=warning msg="Bu bir uyarı mesajıdır"
time="2023-12-19T18:56:56+03:00" level=error msg="Bu bir hata mesajıdır"
time="2023-12-19T18:57:47+03:00" level=info msg="Uygulama başladı"
time="2023-12-19T18:57:47+03:00" level=warning msg="Bu bir uyarı mesajıdır"
time="2023-12-19T18:57:47+03:00" level=error msg="Bu bir hata mesajıdır"
time="2023-12-19T18:58:00+03:00" level=info msg="Uygulama başladı"
time="2023-12-19T18:58:00+03:00" level=warning msg="Bu bir uyarı mesajıdır"
time="2023-12-19T18:58:00+03:00" level=error msg="Bu bir hata mesajıdır"
time="2023-12-19T19:01:00+03:00" level=info msg="Uygulama başladı"
time="2023-12-19T19:01:00+03:00" level=warning msg="Bu bir uyarı mesajıdır"
time="2023-12-19T19:01:00+03:00" level=error msg="Bu bir hata mesajıdır"
time="2023-12-19T21:00:31+03:00" level=info msg="Uygulama başladı"
time="2023-12-19T21:00:31+03:00" level=warning msg="Bu bir uyarı mesajıdır"
time="2023-12-19T21:00:31+03:00" level=error msg="Bu bir hata mesajıdır"
time="2023-12-19T21:50:35+03:00" level=info msg="Uygulama başladı"
time="2023-12-19T21:50:35+03:00" level=warning msg="Bu bir uyarı mesajıdır"
time="2023-12-19T21:50:35+03:00" level=error msg="Bu bir hata mesajıdır"
time="2023-12-19T21:53:19+03:00" level=info msg="Uygulama başladı"
time="2023-12-19T21:53:20+03:00" level=warning msg="Bu bir uyarı mesajıdır"
time="2023-12-19T21:53:20+03:00" level=error msg="Bu bir hata mesajıdır"
time="2023-12-19T22:03:32+03:00" level=info msg="Uygulama başladı"
time="2023-12-19T22:03:32+03:00" level=warning msg="Bu bir uyarı mesajıdır"
time="2023-12-19T22:03:32+03:00" level=error msg="Bu bir hata mesajıdır"
time="2023-12-19T22:10:01+03:00" level=info msg="Uygulama başladı"
time="2023-12-19T22:10:01+03:00" level=warning msg="Bu bir uyarı mesajıdır"
time="2023-12-19T22:10:01+03:00" level=error msg="Bu bir hata mesajıdır"
time="2023-12-19T22:17:12+03:00" level=info msg="Uygulama başladı"
time="2023-12-19T22:17:12+03:00" level=warning msg="Bu bir uyarı mesajıdır"
time="2023-12-19T22:17:12+03:00" level=error msg="Bu bir hata mesajıdır"
time="2023-12-19T22:19:35+03:00" level=info msg="Uygulama başladı"
time="2023-12-19T22:19:35+03:00" level=warning msg="Bu bir uyarı mesajıdır"
time="2023-12-19T22:19:35+03:00" level=error msg="Bu bir hata mesajıdır"
time="2023-12-19T22:20:13+03:00" level=info msg="Uygulama başladı"
time="2023-12-19T22:20:13+03:00" level=warning msg="Bu bir uyarı mesajıdır"
time="2023-12-19T22:20:13+03:00" level=error msg="Bu bir hata mesajıdır"
time="2023-12-19T22:20:28+03:00" level=info msg="Uygulama başladı"
time="2023-12-19T22:20:28+03:00" level=warning msg="Bu bir uyarı mesajıdır"
time="2023-12-19T22:20:28+03:00" level=error msg="Bu bir hata mesajıdır"
time="2023-12-19T22:21:23+03:00" level=info msg="Uygulama başladı"
time="2023-12-19T22:21:23+03:00" level=warning msg="Bu bir uyarı mesajıdır"
time="2023-12-19T22:21:23+03:00" level=error msg="Bu bir hata mesajıdır"
time="2023-12-19T22:21:57+03:00" level=info msg="Uygulama başladı"
time="2023-12-19T22:21:57+03:00" level=warning msg="Bu bir uyarı mesajıdır"
time="2023-12-19T22:21:57+03:00" level=error msg="Bu bir hata mesajıdır"
time="2023-12-19T22:24:56+03:00" level=info msg="Uygulama başladı"
time="2023-12-19T22:24:56+03:00" level=warning msg="Bu bir uyarı mesajıdır"
time="2023-12-19T22:24:56+03:00" level=error msg="Bu bir hata mesajıdır"
time="2023-12-19T22:31:20+03:00" level=info msg="Uygulama başladı"
time="2023-12-19T22:31:20+03:00" level=warning msg="Bu bir uyarı mesajıdır"
time="2023-12-19T22:31:20+03:00" level=error msg="Bu bir hata mesajıdır"
time="2023-12-19T22:34:45+03:00" level=info msg="Uygulama başladı"
time="2023-12-19T22:34:45+03:00" level=warning msg="Bu bir uyarı mesajıdır"
time="2023-12-19T22:34:45+03:00" level=error msg="Bu bir hata mesajıdır"
time="2023-12-19T22:37:47+03:00" level=info msg="Uygulama başladı"
time="2023-12-19T22:37:48+03:00" level=warning msg="Bu bir uyarı mesajıdır"
time="2023-12-19T22:37:48+03:00" level=error msg="Bu bir hata mesajıdır"
time="2023-12-19T22:39:49+03:00" level=info msg="Uygulama başladı"
time="2023-12-19T22:39:49+03:00" level=warning msg="Bu bir uyarı mesajıdır"
time="2023-12-19T22:39:49+03:00" level=error msg="Bu bir hata mesajıdır"
time="2023-12-19T22:39:55+03:00" level=info msg="Uygulama başladı"
time="2023-12-19T22:39:55+03:00" level=warning msg="Bu bir uyarı mesajıdır"
time="2023-12-19T22:39:55+03:00" level=error msg="Bu bir hata mesajıdır"
time="2023-12-19T22:40:10+03:00" level=info msg="Uygulama başladı"
time="2023-12-19T22:40:10+03:00" level=warning msg="Bu bir uyarı mesajıdır"
time="2023-12-19T22:40:10+03:00" level=error msg="Bu bir hata mesajıdır"
time="2023-12-19T22:42:40+03:00" level=info msg="Uygulama başladı"
time="2023-12-19T22:42:40+03:00" level=warning msg="Bu bir uyarı mesajıdır"
time="2023-12-19T22:42:40+03:00" level=error msg="Bu bir hata mesajıdır"
time="2023-12-19T22:46:08+03:00" level=info msg="Uygulama başladı"
time="2023-12-19T22:46:08+03:00" level=warning msg="Bu bir uyarı mesajıdır"
time="2023-12-19T22:46:08+03:00" level=error msg="Bu bir hata mesajıdır"
time="2023-12-19T22:46:56+03:00" level=info msg="Uygulama başladı"
time="2023-12-19T22:46:57+03:00" level=warning msg="Bu bir uyarı mesajıdır"
time="2023-12-19T22:46:57+03:00" level=error msg="Bu bir hata mesajıdır"
time="2023-12-19T22:48:02+03:00" level=info msg="Uygulama başladı"
time="2023-12-19T22:48:02+03:00" level=warning msg="Bu bir uyarı mesajıdır"
time="2023-12-19T22:48:02+03:00" level=error msg="Bu bir hata mesajıdır"
time="2023-12-20T15:01:39+03:00" level=info msg="Uygulama başladı"
time="2023-12-20T15:01:39+03:00" level=warning msg="Bu bir uyarı mesajıdır"
time="2023-12-20T15:01:39+03:00" level=error msg="Bu bir hata mesajıdır"
time="2023-12-20T15:38:39+03:00" level=info msg="Uygulama başladı"
time="2023-12-20T15:38:39+03:00" level=warning msg="Bu bir uyarı mesajıdır"
time="2023-12-20T15:38:39+03:00" level=error msg="Bu bir hata mesajıdır"
time="2023-12-20T17:12:24+03:00" level=info msg="Uygulama başladı"
time="2023-12-20T17:12:49+03:00" level=info msg="GetAllTask endpoint"
time="2023-12-20T17:12:49+03:00" level=info msg="Tasks are listed successfully."
time="2023-12-20T17:13:10+03:00" level=info msg="TaskCreate endpoint"
time="2023-12-20T17:13:11+03:00" level=info msg="Task created. Task ID: 0"
time="2023-12-20T17:15:43+03:00" level=info msg="GetAllTask endpoint"
time="2023-12-20T17:15:43+03:00" level=info msg="Tasks are listed successfully."
time="2023-12-20T17:22:21+03:00" level=info msg="Uygulama başladı"
time="2023-12-20T17:22:43+03:00" level=info msg="Uygulama başladı"
time="2023-12-20T17:23:22+03:00" level=info msg="Uygulama başladı"
time="2023-12-20T17:24:36+03:00" level=info msg="Uygulama başladı"
time="2023-12-20T17:27:48+03:00" level=info msg="Uygulama başladı"
time="2023-12-20T17:28:38+03:00" level=info msg="TaskCreate endpoint"
time="2023-12-20T17:28:38+03:00" level=error msg="Failed to bind request body" error="invalid character 'i' in literal true (expecting 'r')"
time="2023-12-20T17:28:39+03:00" level=info msg="TaskCreate endpoint"
time="2023-12-20T17:28:39+03:00" level=error msg="Failed to bind request body" error="invalid character 'i' in literal true (expecting 'r')"
time="2023-12-20T17:28:50+03:00" level=info msg="TaskCreate endpoint"
time="2023-12-20T17:28:50+03:00" level=error msg="Failed to bind request body" error="invalid character 'i' in literal true (expecting 'r')"
time="2023-12-20T17:30:10+03:00" level=info msg="Uygulama başladı"
time="2023-12-20T17:30:18+03:00" level=info msg="TaskCreate endpoint"
time="2023-12-20T17:30:19+03:00" level=info msg="Task created. Task ID: 0"
time="2023-12-20T17:45:09+03:00" level=info msg="Uygulama başladı"
time="2023-12-20T17:46:40+03:00" level=info msg="Uygulama başladı"
time="2023-12-20T17:46:49+03:00" level=info msg="GetAllTask endpoint"
time="2023-12-20T17:46:50+03:00" level=info msg="Tasks are listed successfully."
time="2023-12-20T17:47:01+03:00" level=info msg="TaskCreate endpoint"
time="2023-12-20T17:47:01+03:00" level=info msg="Task created. Task ID: 0"
time="2023-12-20T17:48:03+03:00" level=info msg="Uygulama başladı"
time="2023-12-20T17:48:17+03:00" level=info msg="TaskCreate endpoint"
time="2023-12-20T17:48:18+03:00" level=info msg="Task created. Task ID: 38"
time="2023-12-20T17:48:29+03:00" level=info msg="GetAllTask endpoint"
time="2023-12-20T17:48:29+03:00" level=info msg="Tasks are listed successfully."
time="2023-12-20T17:48:49+03:00" level=info msg="TaskShowByID endpoint"
time="2023-12-20T17:48:49+03:00" level=error msg="Failed to process task show by id (task not found)" error="record not found"
time="2023-12-20T17:48:54+03:00" level=info msg="TaskShowByID endpoint"
time="2023-12-20T17:48:54+03:00" level=info msg="Task listed successfully."
time="2023-12-20T17:49:07+03:00" level=info msg="TaskUpdate endpoint"
time="2023-12-20T17:49:07+03:00" level=info msg="Task updated successfully."
time="2023-12-20T17:49:13+03:00" level=info msg="TaskShowByID endpoint"
time="2023-12-20T17:49:13+03:00" level=info msg="Task listed successfully."
time="2023-12-20T17:49:21+03:00" level=info msg="TaskDelete endpoint"
time="2023-12-20T17:49:22+03:00" level=info msg="Task deleted successfully."
time="2023-12-20T17:49:28+03:00" level=info msg="TaskShowByID endpoint"
time="2023-12-20T17:49:28+03:00" level=error msg="Failed to process task show by id (task not found)" error="record not found"
time="2023-12-20T17:51:23+03:00" level=info msg="Uygulama başladı"
time="2023-12-20T17:54:27+03:00" level=info msg="Uygulama başladı"
time="2023-12-20T17:55:28+03:00" level=info msg="Uygulama başladı"
time="2023-12-20T17:57:06+03:00" level=info msg="Uygulama başladı"
time="2023-12-20T18:02:00+03:00" level=info msg="Uygulama başladı"
time="2023-12-20T18:02:54+03:00" level=info msg="Uygulama başladı"
time="2023-12-20T18:06:50+03:00" level=info msg="Uygulama başladı"
time="2023-12-20T18:09:19+03:00" level=info msg="Uygulama başladı"
time="2023-12-20T18:13:29+03:00" level=info msg="Uygulama başladı"
time="2023-12-20T18:14:50+03:00" level=info msg="Uygulama başladı"
time="2023-12-20T18:15:13+03:00" level=info msg="Uygulama başladı"
time="2023-12-20T18:17:11+03:00" level=info msg="Uygulama başladı"
time="2023-12-20T18:17:51+03:00" level=info msg="Uygulama başladı"
time="2023-12-20T18:22:30+03:00" level=info msg="Uygulama başladı"
time="2023-12-20T18:25:45+03:00" level=info msg="Uygulama başladı"
time="2023-12-20T18:26:14+03:00" level=info msg="Uygulama başladı"
time="2023-12-20T18:26:24+03:00" level=info msg="Uygulama başladı"
time="2023-12-20T18:26:46+03:00" level=info msg="Uygulama başladı"
time="2023-12-20T18:29:44+03:00" level=info msg="Uygulama başladı"
time="2023-12-20T18:31:59+03:00" level=info msg="Uygulama başladı"
time="2023-12-20T18:35:14+03:00" level=info msg="Uygulama başladı"
time="2023-12-20T18:35:46+03:00" level=info msg="Uygulama başladı"
time="2023-12-20T18:37:36+03:00" level=info msg="Uygulama başladı"
time="2023-12-20T18:38:09+03:00" level=info msg="Uygulama başladı"
time="2023-12-20T18:38:24+03:00" level=info msg="Uygulama başladı"
time="2023-12-20T18:40:59+03:00" level=info msg="Uygulama başladı"
time="2023-12-20T18:43:03+03:00" level=info msg="Uygulama başladı"
